# JRE version: OpenJDK Runtime Environment (11.0.10) (build 11.0.10+0-b96-7249189)
# Java VM: OpenJDK 64-Bit Server VM (11.0.10+0-b96-7249189, mixed mode, tiered, compressed oops, g1 gc, windows-amd64)
Heap:
 garbage-first heap   total 206848K, used 100111K [0x0000000080000000, 0x0000000100000000)
  region size 1024K, 18 young (18432K), 8 survivors (8192K)
 Metaspace       used 80190K, capacity 82279K, committed 82632K, reserved 1120256K
  class space    used 10261K, capacity 11022K, committed 11136K, reserved 1048576K
GC Heap History (20 events):
Event: 19.843 GC heap before
{Heap before GC invocations=28 (full 0):
 garbage-first heap   total 133120K, used 98748K [0x0000000080000000, 0x0000000100000000)
  region size 1024K, 45 young (46080K), 5 survivors (5120K)
 Metaspace       used 51023K, capacity 52428K, committed 52680K, reserved 1095680K
  class space    used 6464K, capacity 6975K, committed 7040K, reserved 1048576K
}
Event: 19.889 GC heap after
{Heap after GC invocations=29 (full 0):
 garbage-first heap   total 133120K, used 58368K [0x0000000080000000, 0x0000000100000000)
  region size 1024K, 5 young (5120K), 5 survivors (5120K)
 Metaspace       used 51023K, capacity 52428K, committed 52680K, reserved 1095680K
  class space    used 6464K, capacity 6975K, committed 7040K, reserved 1048576K
}
Event: 21.559 GC heap before
{Heap before GC invocations=29 (full 0):
 garbage-first heap   total 133120K, used 100352K [0x0000000080000000, 0x0000000100000000)
  region size 1024K, 46 young (47104K), 5 survivors (5120K)
 Metaspace       used 53568K, capacity 55199K, committed 55496K, reserved 1097728K
  class space    used 6902K, capacity 7474K, committed 7552K, reserved 1048576K
}
Event: 21.582 GC heap after
{Heap after GC invocations=30 (full 0):
 garbage-first heap   total 133120K, used 60502K [0x0000000080000000, 0x0000000100000000)
  region size 1024K, 5 young (5120K), 5 survivors (5120K)
 Metaspace       used 53568K, capacity 55199K, committed 55496K, reserved 1097728K
  class space    used 6902K, capacity 7474K, committed 7552K, reserved 1048576K
}
Event: 23.715 GC heap before
{Heap before GC invocations=30 (full 0):
 garbage-first heap   total 133120K, used 104534K [0x0000000080000000, 0x0000000100000000)
  region size 1024K, 46 young (47104K), 5 survivors (5120K)
 Metaspace       used 55608K, capacity 57252K, committed 57544K, reserved 1099776K
  class space    used 7115K, capacity 7700K, committed 7808K, reserved 1048576K
}
Event: 23.737 GC heap after
{Heap after GC invocations=31 (full 0):
 garbage-first heap   total 133120K, used 66544K [0x0000000080000000, 0x0000000100000000)
  region size 1024K, 5 young (5120K), 5 survivors (5120K)
 Metaspace       used 55608K, capacity 57252K, committed 57544K, reserved 1099776K
  class space    used 7115K, capacity 7700K, committed 7808K, reserved 1048576K
}
Event: 23.857 GC heap before
{Heap before GC invocations=31 (full 0):
 garbage-first heap   total 133120K, used 67568K [0x0000000080000000, 0x0000000100000000)
  region size 1024K, 7 young (7168K), 5 survivors (5120K)
 Metaspace       used 55610K, capacity 57252K, committed 57544K, reserved 1099776K
  class space    used 7115K, capacity 7700K, committed 7808K, reserved 1048576K
}
Event: 23.877 GC heap after
{Heap after GC invocations=32 (full 0):
 garbage-first heap   total 172032K, used 68500K [0x0000000080000000, 0x0000000100000000)
  region size 1024K, 5 young (5120K), 5 survivors (5120K)
 Metaspace       used 55610K, capacity 57252K, committed 57544K, reserved 1099776K
  class space    used 7115K, capacity 7700K, committed 7808K, reserved 1048576K
}
Event: 25.625 GC heap before
{Heap before GC invocations=33 (full 0):
 garbage-first heap   total 172032K, used 116628K [0x0000000080000000, 0x0000000100000000)
  region size 1024K, 47 young (48128K), 5 survivors (5120K)
 Metaspace       used 58399K, capacity 59993K, committed 60104K, reserved 1101824K
  class space    used 7455K, capacity 8011K, committed 8064K, reserved 1048576K
}
Event: 25.645 GC heap after
{Heap after GC invocations=34 (full 0):
 garbage-first heap   total 172032K, used 78020K [0x0000000080000000, 0x0000000100000000)
  region size 1024K, 6 young (6144K), 6 survivors (6144K)
 Metaspace       used 58399K, capacity 59993K, committed 60104K, reserved 1101824K
  class space    used 7455K, capacity 8011K, committed 8064K, reserved 1048576K
}
Event: 27.991 GC heap before
{Heap before GC invocations=34 (full 0):
 garbage-first heap   total 172032K, used 120004K [0x0000000080000000, 0x0000000100000000)
  region size 1024K, 47 young (48128K), 6 survivors (6144K)
 Metaspace       used 64833K, capacity 66582K, committed 66760K, reserved 1107968K
  class space    used 8188K, capacity 8795K, committed 8832K, reserved 1048576K
}
Event: 28.007 GC heap after
{Heap after GC invocations=35 (full 0):
 garbage-first heap   total 172032K, used 79744K [0x0000000080000000, 0x0000000100000000)
  region size 1024K, 2 young (2048K), 2 survivors (2048K)
 Metaspace       used 64833K, capacity 66582K, committed 66760K, reserved 1107968K
  class space    used 8188K, capacity 8795K, committed 8832K, reserved 1048576K
}
Event: 29.466 GC heap before
{Heap before GC invocations=35 (full 0):
 garbage-first heap   total 172032K, used 122752K [0x0000000080000000, 0x0000000100000000)
  region size 1024K, 45 young (46080K), 2 survivors (2048K)
 Metaspace       used 69967K, capacity 71827K, committed 72008K, reserved 1112064K
  class space    used 8820K, capacity 9472K, committed 9472K, reserved 1048576K
}
Event: 29.486 GC heap after
{Heap after GC invocations=36 (full 0):
 garbage-first heap   total 172032K, used 83261K [0x0000000080000000, 0x0000000100000000)
  region size 1024K, 6 young (6144K), 6 survivors (6144K)
 Metaspace       used 69967K, capacity 71827K, committed 72008K, reserved 1112064K
  class space    used 8820K, capacity 9472K, committed 9472K, reserved 1048576K
}
Event: 30.130 GC heap before
{Heap before GC invocations=37 (full 0):
 garbage-first heap   total 172032K, used 96573K [0x0000000080000000, 0x0000000100000000)
  region size 1024K, 20 young (20480K), 6 survivors (6144K)
 Metaspace       used 71140K, capacity 72962K, committed 73288K, reserved 1114112K
  class space    used 8981K, capacity 9636K, committed 9728K, reserved 1048576K
}
Event: 30.152 GC heap after
{Heap after GC invocations=38 (full 0):
 garbage-first heap   total 172032K, used 84687K [0x0000000080000000, 0x0000000100000000)
  region size 1024K, 2 young (2048K), 2 survivors (2048K)
 Metaspace       used 71140K, capacity 72962K, committed 73288K, reserved 1114112K
  class space    used 8981K, capacity 9636K, committed 9728K, reserved 1048576K
}
Event: 32.033 GC heap before
{Heap before GC invocations=39 (full 0):
 garbage-first heap   total 172032K, used 128719K [0x0000000080000000, 0x0000000100000000)
  region size 1024K, 44 young (45056K), 2 survivors (2048K)
 Metaspace       used 74355K, capacity 76390K, committed 76488K, reserved 1116160K
  class space    used 9385K, capacity 10089K, committed 10112K, reserved 1048576K
}
Event: 32.052 GC heap after
{Heap after GC invocations=40 (full 0):
 garbage-first heap   total 206848K, used 86214K [0x0000000080000000, 0x0000000100000000)
  region size 1024K, 3 young (3072K), 3 survivors (3072K)
 Metaspace       used 74355K, capacity 76390K, committed 76488K, reserved 1116160K
  class space    used 9385K, capacity 10089K, committed 10112K, reserved 1048576K
}
Event: 35.686 GC heap before
{Heap before GC invocations=40 (full 0):
 garbage-first heap   total 206848K, used 144582K [0x0000000080000000, 0x0000000100000000)
  region size 1024K, 60 young (61440K), 3 survivors (3072K)
 Metaspace       used 79544K, capacity 81647K, committed 81736K, reserved 1120256K
  class space    used 10177K, capacity 10921K, committed 11008K, reserved 1048576K
}
Event: 35.746 GC heap after
{Heap after GC invocations=41 (full 0):
 garbage-first heap   total 206848K, used 90895K [0x0000000080000000, 0x0000000100000000)
  region size 1024K, 8 young (8192K), 8 survivors (8192K)
 Metaspace       used 79544K, capacity 81647K, committed 81736K, reserved 1120256K
  class space    used 10177K, capacity 10921K, committed 11008K, reserved 1048576K
}

